{
  "stats": {
    "suites": 1,
    "tests": 1,
    "passes": 1,
    "pending": 0,
    "failures": 0,
    "start": "2026-08-11T07:51:19.200Z",
    "end": "2026-08-11T07:51:24.806Z",
    "duration": 5606,
    "testsRegistered": 1,
    "passPercent": 100,
    "pendingPercent": 0,
    "other": 0,
    "hasOther": false,
    "skipped": 0,
    "hasSkipped": false
  },
  "results": [
    {
      "uuid": "eacc7f5d-d435-489d-bda6-9f8b38160bdf",
      "title": "",
      "fullFile": "cypress\\e2e\\checkout.cy.js",
      "file": "cypress\\e2e\\checkout.cy.js",
      "beforeHooks": [],
      "afterHooks": [],
      "tests": [],
      "suites": [
        {
          "uuid": "87d0c1af-854f-435b-a894-0b9619b49f04",
          "title": "Checkout Flow",
          "fullFile": "",
          "file": "",
          "beforeHooks": [],
          "afterHooks": [],
          "tests": [
            {
              "title": "should complete checkout with valid data",
              "fullTitle": "Checkout Flow should complete checkout with valid data",
              "timedOut": null,
              "duration": 5463,
              "state": "passed",
              "speed": "medium",
              "pass": true,
              "fail": false,
              "pending": false,
              "context": null,
              "code": "_DashboardPage.default.addProductToCart('Sauce Labs Backpack');\n_DashboardPage.default.clickCart();\ncy.contains('Checkout').click();\n_CheckoutPage.default.fillCheckoutInfo(this.checkoutData.user1.firstName, this.checkoutData.user1.lastName, this.checkoutData.user1.postalCode);\n_CheckoutPage.default.clickContinue();\n_CheckoutPage.default.clickFinish();\n_CheckoutPage.default.verifyOrderSuccess();",
              "err": {},
              "uuid": "38a8f6d5-d119-4577-bd0d-ed19bf36d8cc",
              "parentUUID": "87d0c1af-854f-435b-a894-0b9619b49f04",
              "isHook": false,
              "skipped": false
            }
          ],
          "suites": [],
          "passes": [
            "38a8f6d5-d119-4577-bd0d-ed19bf36d8cc"
          ],
          "failures": [],
          "pending": [],
          "skipped": [],
          "duration": 5463,
          "root": false,
          "rootEmpty": false,
          "_timeout": 2000
        }
      ],
      "passes": [],
      "failures": [],
      "pending": [],
      "skipped": [],
      "duration": 0,
      "root": true,
      "rootEmpty": true,
      "_timeout": 2000
    }
  ],
  "meta": {
    "mocha": {
      "version": "7.2.0"
    },
    "mochawesome": {
      "options": {
        "quiet": false,
        "reportFilename": "report",
        "saveHtml": true,
        "saveJson": true,
        "consoleReporter": "spec",
        "useInlineDiffs": false,
        "code": true
      },
      "version": "7.1.4"
    },
    "marge": {
      "options": {
        "reportDir": "cypress/reports",
        "reportFilename": "report",
        "overwrite": false,
        "html": true,
        "json": true
      },
      "version": "6.3.2"
    }
  }
}