{
  "stats": {
    "suites": 1,
    "tests": 3,
    "passes": 3,
    "pending": 0,
    "failures": 0,
    "start": "2026-08-11T07:51:27.842Z",
    "end": "2026-08-11T07:51:33.915Z",
    "duration": 6073,
    "testsRegistered": 3,
    "passPercent": 100,
    "pendingPercent": 0,
    "other": 0,
    "hasOther": false,
    "skipped": 0,
    "hasSkipped": false
  },
  "results": [
    {
      "uuid": "42449259-a904-417a-8233-d58317bc766a",
      "title": "",
      "fullFile": "cypress\\e2e\\login.cy.js",
      "file": "cypress\\e2e\\login.cy.js",
      "beforeHooks": [],
      "afterHooks": [],
      "tests": [],
      "suites": [
        {
          "uuid": "287179ac-36ec-4d93-9f09-5a6e6accce69",
          "title": "Login Feature",
          "fullFile": "",
          "file": "",
          "beforeHooks": [],
          "afterHooks": [],
          "tests": [
            {
              "title": "should login with valid credentials",
              "fullTitle": "Login Feature should login with valid credentials",
              "timedOut": null,
              "duration": 2511,
              "state": "passed",
              "speed": "fast",
              "pass": true,
              "fail": false,
              "pending": false,
              "context": null,
              "code": "_LoginPage.default.login(this.testData.validUser.username, this.testData.validUser.password);\n_DashboardPage.default.isDashboardDisplayed();\ncy.url().should('include', '/inventory.html');",
              "err": {},
              "uuid": "cf8a4395-6299-4a74-ac5e-d00bf715331d",
              "parentUUID": "287179ac-36ec-4d93-9f09-5a6e6accce69",
              "isHook": false,
              "skipped": false
            },
            {
              "title": "should show error with invalid credentials",
              "fullTitle": "Login Feature should show error with invalid credentials",
              "timedOut": null,
              "duration": 1551,
              "state": "passed",
              "speed": "fast",
              "pass": true,
              "fail": false,
              "pending": false,
              "context": null,
              "code": "_LoginPage.default.login(this.testData.invalidUser.username, this.testData.invalidUser.password);\n_LoginPage.default.getErrorMessage().should('contain', 'Username and password do not match');",
              "err": {},
              "uuid": "fcca6311-599f-465b-aa28-0a910293b2df",
              "parentUUID": "287179ac-36ec-4d93-9f09-5a6e6accce69",
              "isHook": false,
              "skipped": false
            },
            {
              "title": "should show error for locked user",
              "fullTitle": "Login Feature should show error for locked user",
              "timedOut": null,
              "duration": 1589,
              "state": "passed",
              "speed": "fast",
              "pass": true,
              "fail": false,
              "pending": false,
              "context": null,
              "code": "_LoginPage.default.login(this.testData.lockedUser.username, this.testData.lockedUser.password);\n_LoginPage.default.getErrorMessage().should('contain', 'locked');",
              "err": {},
              "uuid": "d325d952-686f-4349-a09b-65dcf02ac225",
              "parentUUID": "287179ac-36ec-4d93-9f09-5a6e6accce69",
              "isHook": false,
              "skipped": false
            }
          ],
          "suites": [],
          "passes": [
            "cf8a4395-6299-4a74-ac5e-d00bf715331d",
            "fcca6311-599f-465b-aa28-0a910293b2df",
            "d325d952-686f-4349-a09b-65dcf02ac225"
          ],
          "failures": [],
          "pending": [],
          "skipped": [],
          "duration": 5651,
          "root": false,
          "rootEmpty": false,
          "_timeout": 2000
        }
      ],
      "passes": [],
      "failures": [],
      "pending": [],
      "skipped": [],
      "duration": 0,
      "root": true,
      "rootEmpty": true,
      "_timeout": 2000
    }
  ],
  "meta": {
    "mocha": {
      "version": "7.2.0"
    },
    "mochawesome": {
      "options": {
        "quiet": false,
        "reportFilename": "report",
        "saveHtml": true,
        "saveJson": true,
        "consoleReporter": "spec",
        "useInlineDiffs": false,
        "code": true
      },
      "version": "7.1.4"
    },
    "marge": {
      "options": {
        "reportDir": "cypress/reports",
        "reportFilename": "report",
        "overwrite": false,
        "html": true,
        "json": true
      },
      "version": "6.3.2"
    }
  }
}